Determining if the pthread_create exist failed with the following output:
Change Dir: /home/yujia/catkin_mulran/build/CMakeFiles/CMakeTmp

Run Build Command:"/usr/bin/make" "cmTC_dded7/fast"
/usr/bin/make -f CMakeFiles/cmTC_dded7.dir/build.make CMakeFiles/cmTC_dded7.dir/build
make[1]: Entering directory '/home/yujia/catkin_mulran/build/CMakeFiles/CMakeTmp'
Building C object CMakeFiles/cmTC_dded7.dir/CheckSymbolExists.c.o
/usr/bin/cc    -o CMakeFiles/cmTC_dded7.dir/CheckSymbolExists.c.o   -c /home/yujia/catkin_mulran/build/CMakeFiles/CMakeTmp/CheckSymbolExists.c
Linking C executable cmTC_dded7
/usr/local/bin/cmake -E cmake_link_script CMakeFiles/cmTC_dded7.dir/link.txt --verbose=1
/usr/bin/cc      -rdynamic CMakeFiles/cmTC_dded7.dir/CheckSymbolExists.c.o  -o cmTC_dded7 
CMakeFiles/cmTC_dded7.dir/CheckSymbolExists.c.o: In function `main':
CheckSymbolExists.c:(.text+0x16): undefined reference to `pthread_create'
collect2: error: ld returned 1 exit status
CMakeFiles/cmTC_dded7.dir/build.make:86: recipe for target 'cmTC_dded7' failed
make[1]: *** [cmTC_dded7] Error 1
make[1]: Leaving directory '/home/yujia/catkin_mulran/build/CMakeFiles/CMakeTmp'
Makefile:126: recipe for target 'cmTC_dded7/fast' failed
make: *** [cmTC_dded7/fast] Error 2

File /home/yujia/catkin_mulran/build/CMakeFiles/CMakeTmp/CheckSymbolExists.c:
/* */
#include <pthread.h>

int main(int argc, char** argv)
{
  (void)argv;
#ifndef pthread_create
  return ((int*)(&pthread_create))[argc];
#else
  (void)argc;
  return 0;
#endif
}

Determining if the function pthread_create exists in the pthreads failed with the following output:
Change Dir: /home/yujia/catkin_mulran/build/CMakeFiles/CMakeTmp

Run Build Command:"/usr/bin/make" "cmTC_cbaef/fast"
/usr/bin/make -f CMakeFiles/cmTC_cbaef.dir/build.make CMakeFiles/cmTC_cbaef.dir/build
make[1]: Entering directory '/home/yujia/catkin_mulran/build/CMakeFiles/CMakeTmp'
Building C object CMakeFiles/cmTC_cbaef.dir/CheckFunctionExists.c.o
/usr/bin/cc   -DCHECK_FUNCTION_EXISTS=pthread_create   -o CMakeFiles/cmTC_cbaef.dir/CheckFunctionExists.c.o   -c /usr/local/share/cmake-3.11/Modules/CheckFunctionExists.c
Linking C executable cmTC_cbaef
/usr/local/bin/cmake -E cmake_link_script CMakeFiles/cmTC_cbaef.dir/link.txt --verbose=1
/usr/bin/cc  -DCHECK_FUNCTION_EXISTS=pthread_create    -rdynamic CMakeFiles/cmTC_cbaef.dir/CheckFunctionExists.c.o  -o cmTC_cbaef -lpthreads 
/usr/bin/ld: cannot find -lpthreads
collect2: error: ld returned 1 exit status
CMakeFiles/cmTC_cbaef.dir/build.make:86: recipe for target 'cmTC_cbaef' failed
make[1]: *** [cmTC_cbaef] Error 1
make[1]: Leaving directory '/home/yujia/catkin_mulran/build/CMakeFiles/CMakeTmp'
Makefile:126: recipe for target 'cmTC_cbaef/fast' failed
make: *** [cmTC_cbaef/fast] Error 2


